<?xml version="1.0" encoding="UTF-8"?>
<!-- Generated by org.testng.reporters.JUnitReportReporter -->
<testsuite hostname="IBM-PF3K7MGQ" failures="0" tests="1" name="demo.test.TestNG_Demo" time="0.017" errors="0" timestamp="2025-03-25T17:02:52 IST" skipped="0">
  <testcase classname="demo.test.TestNG_Demo" name="Test001" time="0.017"/>
</testsuite> <!-- demo.test.TestNG_Demo -->
