<?xml version="1.0" encoding="UTF-8"?>
<!-- Generated by org.testng.reporters.JUnitReportReporter -->
<testsuite hostname="IBM-PF3K7MGQ" failures="0" tests="1" name="demo.test.WebUI_Demo" time="7.581" errors="0" timestamp="2025-03-25T18:56:15 IST" skipped="0">
  <testcase classname="demo.test.WebUI_Demo" name="LoginTest_001" time="7.581"/>
</testsuite> <!-- demo.test.WebUI_Demo -->
